<?xml version="1.0" encoding="UTF-8"?>
<testsuite xmlns:xsi="http://www.w3.org/2001/XMLSchema-instance" xsi:noNamespaceSchemaLocation="https://maven.apache.org/surefire/maven-surefire-plugin/xsd/surefire-test-report.xsd" name="com.techreturners.roman_numerals.RomanConversionTest" time="0.074" tests="16" errors="0" skipped="0" failures="0">
  <properties>
[...]
</properties>
  <testcase name="checkRomanForOne" classname="com.techreturners.roman_numerals.RomanConversionTest" time="0.014"/>
  <testcase name="checkRomanForSix" classname="com.techreturners.roman_numerals.RomanConversionTest" time="0.001"/>
  <testcase name="checkRomanForTwo" classname="com.techreturners.roman_numerals.RomanConversionTest" time="0"/>
  <testcase name="checkRomanForStandardNumerals{int, String}[1]" classname="com.techreturners.roman_numerals.RomanConversionTest" time="0.014"/>
  <testcase name="checkRomanForStandardNumerals{int, String}[2]" classname="com.techreturners.roman_numerals.RomanConversionTest" time="0.001"/>
  <testcase name="checkRomanForStandardNumerals{int, String}[3]" classname="com.techreturners.roman_numerals.RomanConversionTest" time="0.002"/>
  <testcase name="checkRomanForStandardNumerals{int, String}[4]" classname="com.techreturners.roman_numerals.RomanConversionTest" time="0"/>
  <testcase name="checkRomanForStandardNumerals{int, String}[5]" classname="com.techreturners.roman_numerals.RomanConversionTest" time="0"/>
  <testcase name="checkRomanForStandardNumerals{int, String}[6]" classname="com.techreturners.roman_numerals.RomanConversionTest" time="0"/>
  <testcase name="checkRomanForStandardNumerals{int, String}[7]" classname="com.techreturners.roman_numerals.RomanConversionTest" time="0.001"/>
  <testcase name="checkRomanForNonStandardSingleInput{int, String}[1]" classname="com.techreturners.roman_numerals.RomanConversionTest" time="0"/>
  <testcase name="checkRomanForNonStandardSingleInput{int, String}[2]" classname="com.techreturners.roman_numerals.RomanConversionTest" time="0"/>
  <testcase name="checkRomanForNonStandardSingleInput{int, String}[3]" classname="com.techreturners.roman_numerals.RomanConversionTest" time="0"/>
  <testcase name="checkRomanForNonStandardSingleInput{int, String}[4]" classname="com.techreturners.roman_numerals.RomanConversionTest" time="0.001"/>
  <testcase name="checkRomanForFour" classname="com.techreturners.roman_numerals.RomanConversionTest" time="0"/>
  <testcase name="checkRomanForThree" classname="com.techreturners.roman_numerals.RomanConversionTest" time="0"/>
</testsuite>